[debug] [2020-02-06T20:14:43.814Z] ----------------------------------------------------------------------
[debug] [2020-02-06T20:14:43.817Z] Command:       D:\Program Files\nodejs\node.exe C:\Users\kamil\AppData\Roaming\npm\node_modules\firebase-tools\lib\bin\firebase.js init hosting
[debug] [2020-02-06T20:14:43.817Z] CLI Version:   7.12.1
[debug] [2020-02-06T20:14:43.817Z] Platform:      win32
[debug] [2020-02-06T20:14:43.817Z] Node Version:  v12.13.0
[debug] [2020-02-06T20:14:43.818Z] Time:          Thu Feb 06 2020 21:14:43 GMT+0100 (Central European Standard Time)
[debug] [2020-02-06T20:14:43.819Z] ----------------------------------------------------------------------
[debug] [2020-02-06T20:14:43.819Z] 
[debug] [2020-02-06T20:14:43.830Z] > command requires scopes: ["email","openid","https://www.googleapis.com/auth/cloudplatformprojects.readonly","https://www.googleapis.com/auth/firebase","https://www.googleapis.com/auth/cloud-platform"]
[debug] [2020-02-06T20:14:43.831Z] > authorizing via signed-in user
[info] 
     ######## #### ########  ######## ########     ###     ######  ########
     ##        ##  ##     ## ##       ##     ##  ##   ##  ##       ##
     ######    ##  ########  ######   ########  #########  ######  ######
     ##        ##  ##    ##  ##       ##     ## ##     ##       ## ##
     ##       #### ##     ## ######## ########  ##     ##  ######  ########

You're about to initialize a Firebase project in this directory:

  C:\Users\kamil\Desktop\give-away-things\src\components\Firebase

[info] 
=== Project Setup
[info] 
[info] First, let's associate this project directory with a Firebase project.
[info] You can create multiple project aliases by running firebase use --add, 
[info] but for now we'll just set up a default project.
[info] 
[debug] [2020-02-06T20:15:01.248Z] > refreshing access token with scopes: ["email","https://www.googleapis.com/auth/cloud-platform","https://www.googleapis.com/auth/cloudplatformprojects.readonly","https://www.googleapis.com/auth/firebase","openid"]
[debug] [2020-02-06T20:15:01.249Z] >>> HTTP REQUEST POST https://www.googleapis.com/oauth2/v3/token  
 <request body omitted>
[debug] [2020-02-06T20:15:01.590Z] <<< HTTP RESPONSE 200
[debug] [2020-02-06T20:15:01.601Z] >>> HTTP REQUEST GET https://firebase.googleapis.com/v1beta1/projects?pageSize=100  
 
[debug] [2020-02-06T20:15:01.936Z] <<< HTTP RESPONSE 200
[info] i  Using project give-away-things-b4399 (give-away-things)
[info] 
=== Hosting Setup
[info] 
[info] Your public directory is the folder (relative to your project directory) that
[info] will contain Hosting assets to be uploaded with firebase deploy. If you
[info] have a build process for your assets, use your build's output directory.
[info] 
[debug] [2020-02-06T20:16:28.125Z] Error: kill ENOSYS
    at process.kill (internal/process/per_thread.js:189:13)
    at process.listener (C:\Users\kamil\AppData\Roaming\npm\node_modules\firebase-tools\node_modules\signal-exit\index.js:95:15)
    at process.emit (events.js:210:5)
[error] 
[error] Error: An unexpected error has occurred.
